<?xml version="1.0" encoding="UTF-8"?>
<!-- Generated by org.testng.reporters.JUnitXMLReporter -->
<testsuite hostname="MAVBCP3547" ignored="0" name="REGRESSION" tests="3" failures="0" timestamp="2021-12-10T12:51:57 IST" time="51.672" errors="0">
  <testcase name="chech" time="27.153" classname="com.test.locators.classname"/>
  <testcase name="run" time="24.387" classname="com.test.locators.Cssector"/>
  <testcase name="main" time="0.007" classname="com.test.locators.TestlocatorID"/>
</testsuite> <!-- REGRESSION -->
