<?xml version="1.0" encoding="UTF-8"?>
<!-- Generated by org.testng.reporters.JUnitXMLReporter -->
<testsuite hostname="MAVBCP3547" ignored="0" name="Test" tests="3" failures="0" timestamp="2021-12-10T12:54:58 IST" time="62.801" errors="0">
  <testcase name="chech" time="36.39" classname="com.test.locators.classname"/>
  <testcase name="run" time="26.291" classname="com.test.locators.Cssector"/>
  <testcase name="main" time="0.0" classname="com.test.locators.TestlocatorID"/>
</testsuite> <!-- Test -->
