<?xml version="1.0" encoding="UTF-8" ?>
<testsuite tests="2" failures="2" name="com.test.locators.TestlocatorID" time="10.107" errors="0" skipped="0">
  <properties>
[...]
</properties>
  <testcase classname="com.test.locators.TestlocatorID" name="VerifyLocatorID" time="5.017">
    <failure type="java.lang.NullPointerException">java.lang.NullPointerException
	at com.test.locators.TestlocatorID.VerifyLocatorID(TestlocatorID.java:33)
</failure>
    <system-out>Configuring TestNG with: org.apache.maven.surefire.testng.conf.TestNG652Configurator@61443d8f
</system-out>
    <system-err>SLF4J: Failed to load class &quot;org.slf4j.impl.StaticLoggerBinder&quot;.
SLF4J: Defaulting to no-operation (NOP) logger implementation
SLF4J: See http://www.slf4j.org/codes.html#StaticLoggerBinder for further details.
Starting ChromeDriver 96.0.4664.45 (76e4c1bb2ab4671b8beba3444e61c0f17584b2fc-refs/branch-heads/4664@{#947}) on port 57428
Only local connections are allowed.
Please see https://chromedriver.chromium.org/security-considerations for suggestions on keeping ChromeDriver safe.
ChromeDriver was started successfully.
Dec 04, 2021 1:03:37 PM org.openqa.selenium.remote.ProtocolHandshake createSession
INFO: Detected dialect: W3C
Dec 04, 2021 1:03:37 PM org.openqa.selenium.devtools.CdpVersionFinder findNearestMatch
INFO: Found exact CDP implementation for version 96
</system-err>
  </testcase>
  <testcase classname="com.test.locators.TestlocatorID" name="tearDown" time="5.09">
    <failure type="java.lang.NullPointerException">java.lang.NullPointerException
	at com.test.locators.TestlocatorID.tearDown(TestlocatorID.java:45)
</failure>
  </testcase>
</testsuite>