<?xml version="1.0" encoding="UTF-8"?>
<testng-results skipped="0" failed="0" ignored="0" total="3" passed="3">
  <reporter-output>
  </reporter-output>
  <suite name="Suite" duration-ms="62801" started-at="2021-12-10T12:53:55 IST" finished-at="2021-12-10T12:54:58 IST">
    <groups>
    </groups>
    <test name="Test" duration-ms="62801" started-at="2021-12-10T12:53:55 IST" finished-at="2021-12-10T12:54:58 IST">
      <class name="com.test.locators.classname">
        <test-method status="PASS" signature="chech()[pri:0, instance:com.test.locators.classname@37d28f02]" name="chech" duration-ms="36390" started-at="2021-12-10T12:53:55 IST" finished-at="2021-12-10T12:54:31 IST">
          <reporter-output>
          </reporter-output>
        </test-method> <!-- chech -->
      </class> <!-- com.test.locators.classname -->
      <class name="com.test.locators.Cssector">
        <test-method status="PASS" signature="run()[pri:0, instance:com.test.locators.Cssector@31e2232f]" name="run" duration-ms="26291" started-at="2021-12-10T12:54:31 IST" finished-at="2021-12-10T12:54:58 IST">
          <reporter-output>
          </reporter-output>
        </test-method> <!-- run -->
      </class> <!-- com.test.locators.Cssector -->
      <class name="com.test.locators.TestlocatorID">
        <test-method status="PASS" signature="main()[pri:0, instance:com.test.locators.TestlocatorID@150d6eaf]" name="main" duration-ms="0" started-at="2021-12-10T12:54:58 IST" finished-at="2021-12-10T12:54:58 IST">
          <reporter-output>
          </reporter-output>
        </test-method> <!-- main -->
      </class> <!-- com.test.locators.TestlocatorID -->
    </test> <!-- Test -->
  </suite> <!-- Suite -->
</testng-results>
