<?xml version="1.0" encoding="UTF-8"?>
<!-- Generated by org.testng.reporters.JUnitXMLReporter -->
<testsuite hostname="MAVBCP3547" ignored="0" name="Command line test" tests="1" failures="1" timestamp="2021-12-04T13:03:48 IST" time="5.133" errors="0">
  <testcase name="VerifyLocatorID" time="5.007" classname="com.test.locators.TestlocatorID">
    <failure type="java.lang.NullPointerException">
      <![CDATA[java.lang.NullPointerException
at com.test.locators.TestlocatorID.VerifyLocatorID(TestlocatorID.java:33)
at java.util.ArrayList.forEach(ArrayList.java:1257)
... Removed 36 stack frames]]>
    </failure>
  </testcase> <!-- VerifyLocatorID -->
</testsuite> <!-- Command line test -->
